<?xml version="1.0" encoding="UTF-8"?>
<testsuite xmlns:xsi="http://www.w3.org/2001/XMLSchema-instance" xsi:noNamespaceSchemaLocation="https://maven.apache.org/surefire/maven-surefire-plugin/xsd/surefire-test-report-3.0.xsd" version="3.0" name="TestSuite" time="1.743" tests="6" errors="0" skipped="5" failures="1">
  <properties>
    <property name="java.specification.version" value="15"/>
    <property name="webdriver.chrome.driver" value="/Users/pritipradhan/Downloads/chromedriver"/>
    <property name="sun.jnu.encoding" value="UTF-8"/>
    <property name="java.class.path" value="/Users/pritipradhan/IdeaProjects/OrangeHRM/target/test-classes:/Users/pritipradhan/IdeaProjects/OrangeHRM/target/classes:/Users/pritipradhan/.m2/repository/junit/junit/4.12/junit-4.12.jar:/Users/pritipradhan/.m2/repository/org/hamcrest/hamcrest-core/1.3/hamcrest-core-1.3.jar:/Users/pritipradhan/.m2/repository/org/testng/testng/7.4.0/testng-7.4.0.jar:/Users/pritipradhan/.m2/repository/com/beust/jcommander/1.78/jcommander-1.78.jar:/Users/pritipradhan/.m2/repository/org/webjars/jquery/3.5.1/jquery-3.5.1.jar:/Users/pritipradhan/.m2/repository/org/seleniumhq/selenium/selenium-java/3.141.59/selenium-java-3.141.59.jar:/Users/pritipradhan/.m2/repository/org/seleniumhq/selenium/selenium-api/3.141.59/selenium-api-3.141.59.jar:/Users/pritipradhan/.m2/repository/org/seleniumhq/selenium/selenium-chrome-driver/3.141.59/selenium-chrome-driver-3.141.59.jar:/Users/pritipradhan/.m2/repository/org/seleniumhq/selenium/selenium-edge-driver/3.141.59/selenium-edge-driver-3.141.59.jar:/Users/pritipradhan/.m2/repository/org/seleniumhq/selenium/selenium-firefox-driver/3.141.59/selenium-firefox-driver-3.141.59.jar:/Users/pritipradhan/.m2/repository/org/seleniumhq/selenium/selenium-ie-driver/3.141.59/selenium-ie-driver-3.141.59.jar:/Users/pritipradhan/.m2/repository/org/seleniumhq/selenium/selenium-opera-driver/3.141.59/selenium-opera-driver-3.141.59.jar:/Users/pritipradhan/.m2/repository/org/seleniumhq/selenium/selenium-remote-driver/3.141.59/selenium-remote-driver-3.141.59.jar:/Users/pritipradhan/.m2/repository/org/seleniumhq/selenium/selenium-safari-driver/3.141.59/selenium-safari-driver-3.141.59.jar:/Users/pritipradhan/.m2/repository/org/seleniumhq/selenium/selenium-support/3.141.59/selenium-support-3.141.59.jar:/Users/pritipradhan/.m2/repository/net/bytebuddy/byte-buddy/1.8.15/byte-buddy-1.8.15.jar:/Users/pritipradhan/.m2/repository/org/apache/commons/commons-exec/1.3/commons-exec-1.3.jar:/Users/pritipradhan/.m2/repository/com/google/guava/guava/25.0-jre/guava-25.0-jre.jar:/Users/pritipradhan/.m2/repository/com/google/code/findbugs/jsr305/1.3.9/jsr305-1.3.9.jar:/Users/pritipradhan/.m2/repository/org/checkerframework/checker-compat-qual/2.0.0/checker-compat-qual-2.0.0.jar:/Users/pritipradhan/.m2/repository/com/google/errorprone/error_prone_annotations/2.1.3/error_prone_annotations-2.1.3.jar:/Users/pritipradhan/.m2/repository/com/google/j2objc/j2objc-annotations/1.1/j2objc-annotations-1.1.jar:/Users/pritipradhan/.m2/repository/org/codehaus/mojo/animal-sniffer-annotations/1.14/animal-sniffer-annotations-1.14.jar:/Users/pritipradhan/.m2/repository/com/squareup/okhttp3/okhttp/3.11.0/okhttp-3.11.0.jar:/Users/pritipradhan/.m2/repository/com/squareup/okio/okio/1.14.0/okio-1.14.0.jar:/Users/pritipradhan/.m2/repository/io/appium/java-client/7.5.1/java-client-7.5.1.jar:/Users/pritipradhan/.m2/repository/com/google/code/gson/gson/2.8.6/gson-2.8.6.jar:/Users/pritipradhan/.m2/repository/org/apache/httpcomponents/httpclient/4.5.13/httpclient-4.5.13.jar:/Users/pritipradhan/.m2/repository/org/apache/httpcomponents/httpcore/4.4.13/httpcore-4.4.13.jar:/Users/pritipradhan/.m2/repository/commons-logging/commons-logging/1.2/commons-logging-1.2.jar:/Users/pritipradhan/.m2/repository/commons-codec/commons-codec/1.11/commons-codec-1.11.jar:/Users/pritipradhan/.m2/repository/cglib/cglib/3.3.0/cglib-3.3.0.jar:/Users/pritipradhan/.m2/repository/org/ow2/asm/asm/7.1/asm-7.1.jar:/Users/pritipradhan/.m2/repository/commons-validator/commons-validator/1.7/commons-validator-1.7.jar:/Users/pritipradhan/.m2/repository/commons-beanutils/commons-beanutils/1.9.4/commons-beanutils-1.9.4.jar:/Users/pritipradhan/.m2/repository/commons-digester/commons-digester/2.1/commons-digester-2.1.jar:/Users/pritipradhan/.m2/repository/commons-collections/commons-collections/3.2.2/commons-collections-3.2.2.jar:/Users/pritipradhan/.m2/repository/org/apache/commons/commons-lang3/3.12.0/commons-lang3-3.12.0.jar:/Users/pritipradhan/.m2/repository/commons-io/commons-io/2.8.0/commons-io-2.8.0.jar:/Users/pritipradhan/.m2/repository/org/springframework/spring-context/5.3.4/spring-context-5.3.4.jar:/Users/pritipradhan/.m2/repository/org/springframework/spring-aop/5.3.4/spring-aop-5.3.4.jar:/Users/pritipradhan/.m2/repository/org/springframework/spring-beans/5.3.4/spring-beans-5.3.4.jar:/Users/pritipradhan/.m2/repository/org/springframework/spring-core/5.3.4/spring-core-5.3.4.jar:/Users/pritipradhan/.m2/repository/org/springframework/spring-jcl/5.3.4/spring-jcl-5.3.4.jar:/Users/pritipradhan/.m2/repository/org/springframework/spring-expression/5.3.4/spring-expression-5.3.4.jar:/Users/pritipradhan/.m2/repository/org/aspectj/aspectjweaver/1.9.6/aspectjweaver-1.9.6.jar:/Users/pritipradhan/.m2/repository/org/slf4j/slf4j-api/1.7.30/slf4j-api-1.7.30.jar:/Users/pritipradhan/.m2/repository/com/aventstack/extentreports/5.0.1/extentreports-5.0.1.jar:/Users/pritipradhan/.m2/repository/io/reactivex/rxjava3/rxjava/3.0.4/rxjava-3.0.4.jar:/Users/pritipradhan/.m2/repository/org/reactivestreams/reactive-streams/1.0.3/reactive-streams-1.0.3.jar:/Users/pritipradhan/.m2/repository/org/freemarker/freemarker/2.3.30/freemarker-2.3.30.jar:/Users/pritipradhan/.m2/repository/org/projectlombok/lombok/1.18.12/lombok-1.18.12.jar:/Users/pritipradhan/.m2/repository/com/googlecode/json-simple/json-simple/1.1.1/json-simple-1.1.1.jar:/Users/pritipradhan/.m2/repository/io/cucumber/cucumber-java/6.9.1/cucumber-java-6.9.1.jar:/Users/pritipradhan/.m2/repository/io/cucumber/cucumber-core/6.9.1/cucumber-core-6.9.1.jar:/Users/pritipradhan/.m2/repository/io/cucumber/cucumber-gherkin/6.9.1/cucumber-gherkin-6.9.1.jar:/Users/pritipradhan/.m2/repository/io/cucumber/cucumber-gherkin-messages/6.9.1/cucumber-gherkin-messages-6.9.1.jar:/Users/pritipradhan/.m2/repository/io/cucumber/messages/13.2.1/messages-13.2.1.jar:/Users/pritipradhan/.m2/repository/io/cucumber/tag-expressions/3.0.0/tag-expressions-3.0.0.jar:/Users/pritipradhan/.m2/repository/io/cucumber/cucumber-expressions/10.3.0/cucumber-expressions-10.3.0.jar:/Users/pritipradhan/.m2/repository/io/cucumber/datatable/3.5.0/datatable-3.5.0.jar:/Users/pritipradhan/.m2/repository/io/cucumber/cucumber-plugin/6.9.1/cucumber-plugin-6.9.1.jar:/Users/pritipradhan/.m2/repository/io/cucumber/docstring/6.9.1/docstring-6.9.1.jar:/Users/pritipradhan/.m2/repository/io/cucumber/html-formatter/9.0.0/html-formatter-9.0.0.jar:/Users/pritipradhan/.m2/repository/io/cucumber/create-meta/2.0.4/create-meta-2.0.4.jar:/Users/pritipradhan/.m2/repository/org/apiguardian/apiguardian-api/1.1.0/apiguardian-api-1.1.0.jar:/Users/pritipradhan/.m2/repository/info/cukes/cucumber-junit/1.2.5/cucumber-junit-1.2.5.jar:/Users/pritipradhan/.m2/repository/info/cukes/cucumber-core/1.2.5/cucumber-core-1.2.5.jar:/Users/pritipradhan/.m2/repository/info/cukes/cucumber-html/0.2.3/cucumber-html-0.2.3.jar:/Users/pritipradhan/.m2/repository/info/cukes/cucumber-jvm-deps/1.0.5/cucumber-jvm-deps-1.0.5.jar:/Users/pritipradhan/.m2/repository/info/cukes/gherkin/2.12.2/gherkin-2.12.2.jar:/Users/pritipradhan/.m2/repository/info/cukes/cucumber-java/1.2.5/cucumber-java-1.2.5.jar:"/>
    <property name="java.vm.vendor" value="Oracle Corporation"/>
    <property name="sun.arch.data.model" value="64"/>
    <property name="java.vendor.url" value="https://openjdk.java.net/"/>
    <property name="user.timezone" value="Asia/Kolkata"/>
    <property name="os.name" value="Mac OS X"/>
    <property name="java.vm.specification.version" value="15"/>
    <property name="sun.java.launcher" value="SUN_STANDARD"/>
    <property name="user.country" value="US"/>
    <property name="sun.boot.library.path" value="/usr/local/Cellar/openjdk/15.0.2/libexec/openjdk.jdk/Contents/Home/lib"/>
    <property name="sun.java.command" value="/Users/pritipradhan/IdeaProjects/OrangeHRM/target/surefire/surefirebooter5272151723615029983.jar /Users/pritipradhan/IdeaProjects/OrangeHRM/target/surefire 2021-07-10T12-30-42_366-jvmRun1 surefire3184153571213979813tmp surefire_017450855968239240195tmp"/>
    <property name="http.nonProxyHosts" value="local|*.local|169.254/16|*.169.254/16"/>
    <property name="jdk.debug" value="release"/>
    <property name="surefire.test.class.path" value="/Users/pritipradhan/IdeaProjects/OrangeHRM/target/test-classes:/Users/pritipradhan/IdeaProjects/OrangeHRM/target/classes:/Users/pritipradhan/.m2/repository/junit/junit/4.12/junit-4.12.jar:/Users/pritipradhan/.m2/repository/org/hamcrest/hamcrest-core/1.3/hamcrest-core-1.3.jar:/Users/pritipradhan/.m2/repository/org/testng/testng/7.4.0/testng-7.4.0.jar:/Users/pritipradhan/.m2/repository/com/beust/jcommander/1.78/jcommander-1.78.jar:/Users/pritipradhan/.m2/repository/org/webjars/jquery/3.5.1/jquery-3.5.1.jar:/Users/pritipradhan/.m2/repository/org/seleniumhq/selenium/selenium-java/3.141.59/selenium-java-3.141.59.jar:/Users/pritipradhan/.m2/repository/org/seleniumhq/selenium/selenium-api/3.141.59/selenium-api-3.141.59.jar:/Users/pritipradhan/.m2/repository/org/seleniumhq/selenium/selenium-chrome-driver/3.141.59/selenium-chrome-driver-3.141.59.jar:/Users/pritipradhan/.m2/repository/org/seleniumhq/selenium/selenium-edge-driver/3.141.59/selenium-edge-driver-3.141.59.jar:/Users/pritipradhan/.m2/repository/org/seleniumhq/selenium/selenium-firefox-driver/3.141.59/selenium-firefox-driver-3.141.59.jar:/Users/pritipradhan/.m2/repository/org/seleniumhq/selenium/selenium-ie-driver/3.141.59/selenium-ie-driver-3.141.59.jar:/Users/pritipradhan/.m2/repository/org/seleniumhq/selenium/selenium-opera-driver/3.141.59/selenium-opera-driver-3.141.59.jar:/Users/pritipradhan/.m2/repository/org/seleniumhq/selenium/selenium-remote-driver/3.141.59/selenium-remote-driver-3.141.59.jar:/Users/pritipradhan/.m2/repository/org/seleniumhq/selenium/selenium-safari-driver/3.141.59/selenium-safari-driver-3.141.59.jar:/Users/pritipradhan/.m2/repository/org/seleniumhq/selenium/selenium-support/3.141.59/selenium-support-3.141.59.jar:/Users/pritipradhan/.m2/repository/net/bytebuddy/byte-buddy/1.8.15/byte-buddy-1.8.15.jar:/Users/pritipradhan/.m2/repository/org/apache/commons/commons-exec/1.3/commons-exec-1.3.jar:/Users/pritipradhan/.m2/repository/com/google/guava/guava/25.0-jre/guava-25.0-jre.jar:/Users/pritipradhan/.m2/repository/com/google/code/findbugs/jsr305/1.3.9/jsr305-1.3.9.jar:/Users/pritipradhan/.m2/repository/org/checkerframework/checker-compat-qual/2.0.0/checker-compat-qual-2.0.0.jar:/Users/pritipradhan/.m2/repository/com/google/errorprone/error_prone_annotations/2.1.3/error_prone_annotations-2.1.3.jar:/Users/pritipradhan/.m2/repository/com/google/j2objc/j2objc-annotations/1.1/j2objc-annotations-1.1.jar:/Users/pritipradhan/.m2/repository/org/codehaus/mojo/animal-sniffer-annotations/1.14/animal-sniffer-annotations-1.14.jar:/Users/pritipradhan/.m2/repository/com/squareup/okhttp3/okhttp/3.11.0/okhttp-3.11.0.jar:/Users/pritipradhan/.m2/repository/com/squareup/okio/okio/1.14.0/okio-1.14.0.jar:/Users/pritipradhan/.m2/repository/io/appium/java-client/7.5.1/java-client-7.5.1.jar:/Users/pritipradhan/.m2/repository/com/google/code/gson/gson/2.8.6/gson-2.8.6.jar:/Users/pritipradhan/.m2/repository/org/apache/httpcomponents/httpclient/4.5.13/httpclient-4.5.13.jar:/Users/pritipradhan/.m2/repository/org/apache/httpcomponents/httpcore/4.4.13/httpcore-4.4.13.jar:/Users/pritipradhan/.m2/repository/commons-logging/commons-logging/1.2/commons-logging-1.2.jar:/Users/pritipradhan/.m2/repository/commons-codec/commons-codec/1.11/commons-codec-1.11.jar:/Users/pritipradhan/.m2/repository/cglib/cglib/3.3.0/cglib-3.3.0.jar:/Users/pritipradhan/.m2/repository/org/ow2/asm/asm/7.1/asm-7.1.jar:/Users/pritipradhan/.m2/repository/commons-validator/commons-validator/1.7/commons-validator-1.7.jar:/Users/pritipradhan/.m2/repository/commons-beanutils/commons-beanutils/1.9.4/commons-beanutils-1.9.4.jar:/Users/pritipradhan/.m2/repository/commons-digester/commons-digester/2.1/commons-digester-2.1.jar:/Users/pritipradhan/.m2/repository/commons-collections/commons-collections/3.2.2/commons-collections-3.2.2.jar:/Users/pritipradhan/.m2/repository/org/apache/commons/commons-lang3/3.12.0/commons-lang3-3.12.0.jar:/Users/pritipradhan/.m2/repository/commons-io/commons-io/2.8.0/commons-io-2.8.0.jar:/Users/pritipradhan/.m2/repository/org/springframework/spring-context/5.3.4/spring-context-5.3.4.jar:/Users/pritipradhan/.m2/repository/org/springframework/spring-aop/5.3.4/spring-aop-5.3.4.jar:/Users/pritipradhan/.m2/repository/org/springframework/spring-beans/5.3.4/spring-beans-5.3.4.jar:/Users/pritipradhan/.m2/repository/org/springframework/spring-core/5.3.4/spring-core-5.3.4.jar:/Users/pritipradhan/.m2/repository/org/springframework/spring-jcl/5.3.4/spring-jcl-5.3.4.jar:/Users/pritipradhan/.m2/repository/org/springframework/spring-expression/5.3.4/spring-expression-5.3.4.jar:/Users/pritipradhan/.m2/repository/org/aspectj/aspectjweaver/1.9.6/aspectjweaver-1.9.6.jar:/Users/pritipradhan/.m2/repository/org/slf4j/slf4j-api/1.7.30/slf4j-api-1.7.30.jar:/Users/pritipradhan/.m2/repository/com/aventstack/extentreports/5.0.1/extentreports-5.0.1.jar:/Users/pritipradhan/.m2/repository/io/reactivex/rxjava3/rxjava/3.0.4/rxjava-3.0.4.jar:/Users/pritipradhan/.m2/repository/org/reactivestreams/reactive-streams/1.0.3/reactive-streams-1.0.3.jar:/Users/pritipradhan/.m2/repository/org/freemarker/freemarker/2.3.30/freemarker-2.3.30.jar:/Users/pritipradhan/.m2/repository/org/projectlombok/lombok/1.18.12/lombok-1.18.12.jar:/Users/pritipradhan/.m2/repository/com/googlecode/json-simple/json-simple/1.1.1/json-simple-1.1.1.jar:/Users/pritipradhan/.m2/repository/io/cucumber/cucumber-java/6.9.1/cucumber-java-6.9.1.jar:/Users/pritipradhan/.m2/repository/io/cucumber/cucumber-core/6.9.1/cucumber-core-6.9.1.jar:/Users/pritipradhan/.m2/repository/io/cucumber/cucumber-gherkin/6.9.1/cucumber-gherkin-6.9.1.jar:/Users/pritipradhan/.m2/repository/io/cucumber/cucumber-gherkin-messages/6.9.1/cucumber-gherkin-messages-6.9.1.jar:/Users/pritipradhan/.m2/repository/io/cucumber/messages/13.2.1/messages-13.2.1.jar:/Users/pritipradhan/.m2/repository/io/cucumber/tag-expressions/3.0.0/tag-expressions-3.0.0.jar:/Users/pritipradhan/.m2/repository/io/cucumber/cucumber-expressions/10.3.0/cucumber-expressions-10.3.0.jar:/Users/pritipradhan/.m2/repository/io/cucumber/datatable/3.5.0/datatable-3.5.0.jar:/Users/pritipradhan/.m2/repository/io/cucumber/cucumber-plugin/6.9.1/cucumber-plugin-6.9.1.jar:/Users/pritipradhan/.m2/repository/io/cucumber/docstring/6.9.1/docstring-6.9.1.jar:/Users/pritipradhan/.m2/repository/io/cucumber/html-formatter/9.0.0/html-formatter-9.0.0.jar:/Users/pritipradhan/.m2/repository/io/cucumber/create-meta/2.0.4/create-meta-2.0.4.jar:/Users/pritipradhan/.m2/repository/org/apiguardian/apiguardian-api/1.1.0/apiguardian-api-1.1.0.jar:/Users/pritipradhan/.m2/repository/info/cukes/cucumber-junit/1.2.5/cucumber-junit-1.2.5.jar:/Users/pritipradhan/.m2/repository/info/cukes/cucumber-core/1.2.5/cucumber-core-1.2.5.jar:/Users/pritipradhan/.m2/repository/info/cukes/cucumber-html/0.2.3/cucumber-html-0.2.3.jar:/Users/pritipradhan/.m2/repository/info/cukes/cucumber-jvm-deps/1.0.5/cucumber-jvm-deps-1.0.5.jar:/Users/pritipradhan/.m2/repository/info/cukes/gherkin/2.12.2/gherkin-2.12.2.jar:/Users/pritipradhan/.m2/repository/info/cukes/cucumber-java/1.2.5/cucumber-java-1.2.5.jar:"/>
    <property name="sun.cpu.endian" value="little"/>
    <property name="user.home" value="/Users/pritipradhan"/>
    <property name="user.language" value="en"/>
    <property name="java.specification.vendor" value="Oracle Corporation"/>
    <property name="java.version.date" value="2021-01-19"/>
    <property name="java.home" value="/usr/local/Cellar/openjdk/15.0.2/libexec/openjdk.jdk/Contents/Home"/>
    <property name="file.separator" value="/"/>
    <property name="basedir" value="/Users/pritipradhan/IdeaProjects/OrangeHRM"/>
    <property name="java.vm.compressedOopsMode" value="Zero based"/>
    <property name="line.separator" value="&#10;"/>
    <property name="java.specification.name" value="Java Platform API Specification"/>
    <property name="java.vm.specification.vendor" value="Oracle Corporation"/>
    <property name="surefire.real.class.path" value="/Users/pritipradhan/IdeaProjects/OrangeHRM/target/surefire/surefirebooter5272151723615029983.jar"/>
    <property name="sun.management.compiler" value="HotSpot 64-Bit Tiered Compilers"/>
    <property name="ftp.nonProxyHosts" value="local|*.local|169.254/16|*.169.254/16"/>
    <property name="java.runtime.version" value="15.0.2+7"/>
    <property name="user.name" value="pritipradhan"/>
    <property name="path.separator" value=":"/>
    <property name="os.version" value="10.15.7"/>
    <property name="java.runtime.name" value="OpenJDK Runtime Environment"/>
    <property name="file.encoding" value="UTF-8"/>
    <property name="java.vm.name" value="OpenJDK 64-Bit Server VM"/>
    <property name="localRepository" value="/Users/pritipradhan/.m2/repository"/>
    <property name="java.vendor.url.bug" value="https://bugreport.java.com/bugreport/"/>
    <property name="java.io.tmpdir" value="/var/folders/gv/ppgr0g4x6hx2c7pcm5h47wv00000gn/T/"/>
    <property name="java.version" value="15.0.2"/>
    <property name="user.dir" value="/Users/pritipradhan/IdeaProjects/OrangeHRM"/>
    <property name="os.arch" value="x86_64"/>
    <property name="java.vm.specification.name" value="Java Virtual Machine Specification"/>
    <property name="java.library.path" value="/Users/pritipradhan/Library/Java/Extensions:/Library/Java/Extensions:/Network/Library/Java/Extensions:/System/Library/Java/Extensions:/usr/lib/java:."/>
    <property name="java.vm.info" value="mixed mode, sharing"/>
    <property name="java.vendor" value="N/A"/>
    <property name="java.vm.version" value="15.0.2+7"/>
    <property name="sun.io.unicode.encoding" value="UnicodeBig"/>
    <property name="socksNonProxyHosts" value="local|*.local|169.254/16|*.169.254/16"/>
    <property name="java.class.version" value="59.0"/>
  </properties>
  <testcase name="setup_before_each_test[[TestResult name={null} status=CREATED method=LoginPageTest.verifyLoginPage_test1(org.testng.ITestContext)[pri:0, instance:testcases.LoginPageTest@53ca01a2] output={null}], org.testng.TestRunner@610d74be](0)" classname="testcases.LoginPageTest" time="1.545">
    <failure message="session not created: This version of ChromeDriver only supports Chrome version 89&#10;Current browser version is 91.0.4472.114 with binary path /Applications/Google Chrome.app/Contents/MacOS/Google Chrome&#10;Build info: version: &apos;3.141.59&apos;, revision: &apos;e82be7d358&apos;, time: &apos;2018-11-14T08:17:03&apos;&#10;System info: host: &apos;Pritis-MBP&apos;, ip: &apos;2401:4900:5037:f8c:9413:2782:81fc:5373%en0&apos;, os.name: &apos;Mac OS X&apos;, os.arch: &apos;x86_64&apos;, os.version: &apos;10.15.7&apos;, java.version: &apos;15.0.2&apos;&#10;Driver info: driver.version: ChromeDriver&#10;remote stacktrace: 0   chromedriver                        0x0000000103de5b59 chromedriver + 2595673&#10;1   chromedriver                        0x0000000104499b33 chromedriver + 9624371&#10;2   chromedriver                        0x0000000103b95773 chromedriver + 169843&#10;3   chromedriver                        0x0000000103bb9bf6 chromedriver + 318454&#10;4   chromedriver                        0x0000000103bb5dc4 chromedriver + 302532&#10;5   chromedriver                        0x0000000103bb3032 chromedriver + 290866&#10;6   chromedriver                        0x0000000103be6234 chromedriver + 500276&#10;7   chromedriver                        0x0000000103be14f3 chromedriver + 480499&#10;8   chromedriver                        0x0000000103bbbcd6 chromedriver + 326870&#10;9   chromedriver                        0x0000000103bbcba7 chromedriver + 330663&#10;10  chromedriver                        0x0000000103db3b09 chromedriver + 2390793&#10;11  chromedriver                        0x0000000103dc0bcc chromedriver + 2444236&#10;12  chromedriver                        0x0000000103dc06ee chromedriver + 2442990&#10;13  chromedriver                        0x0000000103d9a832 chromedriver + 2287666&#10;14  chromedriver                        0x0000000103dc163f chromedriver + 2446911&#10;15  chromedriver                        0x0000000103da9299 chromedriver + 2347673&#10;16  chromedriver                        0x0000000103dd88b9 chromedriver + 2541753&#10;17  chromedriver                        0x0000000103deb008 chromedriver + 2617352&#10;18  libsystem_pthread.dylib             0x00007fff733e7109 _pthread_start + 148&#10;19  libsystem_pthread.dylib             0x00007fff733e2b8b thread_start + 15&#10;" type="org.openqa.selenium.SessionNotCreatedException"><![CDATA[org.openqa.selenium.SessionNotCreatedException: 
session not created: This version of ChromeDriver only supports Chrome version 89
Current browser version is 91.0.4472.114 with binary path /Applications/Google Chrome.app/Contents/MacOS/Google Chrome
Build info: version: '3.141.59', revision: 'e82be7d358', time: '2018-11-14T08:17:03'
System info: host: 'Pritis-MBP', ip: '2401:4900:5037:f8c:9413:2782:81fc:5373%en0', os.name: 'Mac OS X', os.arch: 'x86_64', os.version: '10.15.7', java.version: '15.0.2'
Driver info: driver.version: ChromeDriver
remote stacktrace: 0   chromedriver                        0x0000000103de5b59 chromedriver + 2595673
1   chromedriver                        0x0000000104499b33 chromedriver + 9624371
2   chromedriver                        0x0000000103b95773 chromedriver + 169843
3   chromedriver                        0x0000000103bb9bf6 chromedriver + 318454
4   chromedriver                        0x0000000103bb5dc4 chromedriver + 302532
5   chromedriver                        0x0000000103bb3032 chromedriver + 290866
6   chromedriver                        0x0000000103be6234 chromedriver + 500276
7   chromedriver                        0x0000000103be14f3 chromedriver + 480499
8   chromedriver                        0x0000000103bbbcd6 chromedriver + 326870
9   chromedriver                        0x0000000103bbcba7 chromedriver + 330663
10  chromedriver                        0x0000000103db3b09 chromedriver + 2390793
11  chromedriver                        0x0000000103dc0bcc chromedriver + 2444236
12  chromedriver                        0x0000000103dc06ee chromedriver + 2442990
13  chromedriver                        0x0000000103d9a832 chromedriver + 2287666
14  chromedriver                        0x0000000103dc163f chromedriver + 2446911
15  chromedriver                        0x0000000103da9299 chromedriver + 2347673
16  chromedriver                        0x0000000103dd88b9 chromedriver + 2541753
17  chromedriver                        0x0000000103deb008 chromedriver + 2617352
18  libsystem_pthread.dylib             0x00007fff733e7109 _pthread_start + 148
19  libsystem_pthread.dylib             0x00007fff733e2b8b thread_start + 15

]]></failure>
    <system-err><![CDATA[Starting ChromeDriver 89.0.4389.23 (61b08ee2c50024bab004e48d2b1b083cdbdac579-refs/branch-heads/4389@{#294}) on port 20598
Only local connections are allowed.
Please see https://chromedriver.chromium.org/security-considerations for suggestions on keeping ChromeDriver safe.
ChromeDriver was started successfully.
]]></system-err>
  </testcase>
  <testcase name="verifyLoginPage_test1[org.testng.TestRunner@610d74be](1)" classname="testcases.LoginPageTest" time="0">
    <skipped message="session not created: This version of ChromeDriver only supports Chrome version 89&#10;Current browser version is 91.0.4472.114 with binary path /Applications/Google Chrome.app/Contents/MacOS/Google Chrome&#10;Build info: version: &apos;3.141.59&apos;, revision: &apos;e82be7d358&apos;, time: &apos;2018-11-14T08:17:03&apos;&#10;System info: host: &apos;Pritis-MBP&apos;, ip: &apos;2401:4900:5037:f8c:9413:2782:81fc:5373%en0&apos;, os.name: &apos;Mac OS X&apos;, os.arch: &apos;x86_64&apos;, os.version: &apos;10.15.7&apos;, java.version: &apos;15.0.2&apos;&#10;Driver info: driver.version: ChromeDriver&#10;remote stacktrace: 0   chromedriver                        0x0000000103de5b59 chromedriver + 2595673&#10;1   chromedriver                        0x0000000104499b33 chromedriver + 9624371&#10;2   chromedriver                        0x0000000103b95773 chromedriver + 169843&#10;3   chromedriver                        0x0000000103bb9bf6 chromedriver + 318454&#10;4   chromedriver                        0x0000000103bb5dc4 chromedriver + 302532&#10;5   chromedriver                        0x0000000103bb3032 chromedriver + 290866&#10;6   chromedriver                        0x0000000103be6234 chromedriver + 500276&#10;7   chromedriver                        0x0000000103be14f3 chromedriver + 480499&#10;8   chromedriver                        0x0000000103bbbcd6 chromedriver + 326870&#10;9   chromedriver                        0x0000000103bbcba7 chromedriver + 330663&#10;10  chromedriver                        0x0000000103db3b09 chromedriver + 2390793&#10;11  chromedriver                        0x0000000103dc0bcc chromedriver + 2444236&#10;12  chromedriver                        0x0000000103dc06ee chromedriver + 2442990&#10;13  chromedriver                        0x0000000103d9a832 chromedriver + 2287666&#10;14  chromedriver                        0x0000000103dc163f chromedriver + 2446911&#10;15  chromedriver                        0x0000000103da9299 chromedriver + 2347673&#10;16  chromedriver                        0x0000000103dd88b9 chromedriver + 2541753&#10;17  chromedriver                        0x0000000103deb008 chromedriver + 2617352&#10;18  libsystem_pthread.dylib             0x00007fff733e7109 _pthread_start + 148&#10;19  libsystem_pthread.dylib             0x00007fff733e2b8b thread_start + 15&#10;"/>
  </testcase>
  <testcase name="tearDown_after_each_test" classname="testcases.LoginPageTest" time="0">
    <skipped/>
  </testcase>
  <testcase name="tearDown_after_each_test" classname="testcases.LoginPageTest" time="0">
    <skipped/>
  </testcase>
  <testcase name="setup_before_each_test" classname="testcases.LoginPageTest" time="0">
    <skipped/>
  </testcase>
  <testcase name="verifyLoginPage_test1[org.testng.TestRunner@610d74be](2)" classname="testcases.LoginPageTest" time="0">
    <skipped message="session not created: This version of ChromeDriver only supports Chrome version 89&#10;Current browser version is 91.0.4472.114 with binary path /Applications/Google Chrome.app/Contents/MacOS/Google Chrome&#10;Build info: version: &apos;3.141.59&apos;, revision: &apos;e82be7d358&apos;, time: &apos;2018-11-14T08:17:03&apos;&#10;System info: host: &apos;Pritis-MBP&apos;, ip: &apos;2401:4900:5037:f8c:9413:2782:81fc:5373%en0&apos;, os.name: &apos;Mac OS X&apos;, os.arch: &apos;x86_64&apos;, os.version: &apos;10.15.7&apos;, java.version: &apos;15.0.2&apos;&#10;Driver info: driver.version: ChromeDriver&#10;remote stacktrace: 0   chromedriver                        0x0000000103de5b59 chromedriver + 2595673&#10;1   chromedriver                        0x0000000104499b33 chromedriver + 9624371&#10;2   chromedriver                        0x0000000103b95773 chromedriver + 169843&#10;3   chromedriver                        0x0000000103bb9bf6 chromedriver + 318454&#10;4   chromedriver                        0x0000000103bb5dc4 chromedriver + 302532&#10;5   chromedriver                        0x0000000103bb3032 chromedriver + 290866&#10;6   chromedriver                        0x0000000103be6234 chromedriver + 500276&#10;7   chromedriver                        0x0000000103be14f3 chromedriver + 480499&#10;8   chromedriver                        0x0000000103bbbcd6 chromedriver + 326870&#10;9   chromedriver                        0x0000000103bbcba7 chromedriver + 330663&#10;10  chromedriver                        0x0000000103db3b09 chromedriver + 2390793&#10;11  chromedriver                        0x0000000103dc0bcc chromedriver + 2444236&#10;12  chromedriver                        0x0000000103dc06ee chromedriver + 2442990&#10;13  chromedriver                        0x0000000103d9a832 chromedriver + 2287666&#10;14  chromedriver                        0x0000000103dc163f chromedriver + 2446911&#10;15  chromedriver                        0x0000000103da9299 chromedriver + 2347673&#10;16  chromedriver                        0x0000000103dd88b9 chromedriver + 2541753&#10;17  chromedriver                        0x0000000103deb008 chromedriver + 2617352&#10;18  libsystem_pthread.dylib             0x00007fff733e7109 _pthread_start + 148&#10;19  libsystem_pthread.dylib             0x00007fff733e2b8b thread_start + 15&#10;"/>
  </testcase>
</testsuite>