<?xml version="1.0" encoding="UTF-8"?>
<!-- Generated by org.testng.reporters.JUnitReportReporter -->
<testsuite hostname="Pritis-MacBook-Pro.local" failures="0" tests="2" name="testcases.LoginPageTest" time="20.221" errors="0" timestamp="2021-04-19T22:08:51 IST" skipped="0">
  <testcase classname="testcases.LoginPageTest" name="verifyLoggedIn_test2" time="9.899"/>
  <system-out/>
  <testcase classname="testcases.LoginPageTest" name="verifyLoginPage_test1" time="10.322"/>
  <system-out/>
</testsuite> <!-- testcases.LoginPageTest -->
