<?xml version="1.0" encoding="UTF-8"?>
<!-- Generated by org.testng.reporters.JUnitReportReporter -->
<testsuite hostname="Pritis-MBP" failures="0" tests="2" name="testcases.LoginPageTest" time="14.869" errors="0" timestamp="2021-07-15T22:53:45 IST" skipped="0">
  <testcase classname="testcases.LoginPageTest" name="verifyLoginPage_test1" time="8.243"/>
  <system-out/>
  <testcase classname="testcases.LoginPageTest" name="verifyLoginPage_test1" time="6.626"/>
  <system-out/>
</testsuite> <!-- testcases.LoginPageTest -->
