<?xml version="1.0" encoding="UTF-8"?>
<!-- Generated by org.testng.reporters.JUnitReportReporter -->
<testsuite hostname="Pritis-MacBook-Pro.local" failures="0" tests="1" name="testcases.LoginPageTest" time="7.894" errors="0" timestamp="2021-05-15T14:46:42 IST" skipped="0">
  <testcase classname="testcases.LoginPageTest" name="verifyLoginPage_test1" time="7.894"/>
  <system-out/>
</testsuite> <!-- testcases.LoginPageTest -->
