<?xml version="1.0" encoding="UTF-8"?>
<!-- Generated by org.testng.reporters.JUnitReportReporter -->
<testsuite hostname="Pritis-MacBook-Pro.local" failures="0" tests="2" name="testcases.HomePageTest" time="23.668" errors="0" timestamp="2021-05-14T17:17:53 IST" skipped="0">
  <testcase classname="testcases.HomePageTest" name="adminTabTest" time="10.638"/>
  <system-out/>
  <testcase classname="testcases.HomePageTest" name="PIMtabTest" time="13.030"/>
  <system-out/>
</testsuite> <!-- testcases.HomePageTest -->
