<?xml version="1.0" encoding="UTF-8"?>
<!-- Generated by org.testng.reporters.JUnitReportReporter -->
<testsuite hostname="Pritis-MacBook-Pro.local" failures="0" tests="1" name="testcases.SystemUsersTest" time="15.322" errors="0" timestamp="2021-05-14T17:17:53 IST" skipped="0">
  <testcase classname="testcases.SystemUsersTest" name="getJobTitles" time="15.322"/>
  <system-out/>
</testsuite> <!-- testcases.SystemUsersTest -->
